# JRE version: OpenJDK Runtime Environment Corretto-11.0.13.8.1 (11.0.13+8) (build 11.0.13+8-LTS)
# Java VM: OpenJDK 64-Bit Server VM Corretto-11.0.13.8.1 (11.0.13+8-LTS, mixed mode, tiered, compressed oops, g1 gc, windows-amd64)
Heap:
 garbage-first heap   total 155648K, used 107308K [0x0000000082800000, 0x0000000100000000)
  region size 1024K, 89 young (91136K), 7 survivors (7168K)
 Metaspace       used 64703K, capacity 66729K, committed 66904K, reserved 1107968K
  class space    used 8444K, capacity 9264K, committed 9344K, reserved 1048576K
GC Heap History (17 events):
Event: 0.641 GC heap before
{Heap before GC invocations=0 (full 0):
 garbage-first heap   total 129024K, used 24576K [0x0000000082800000, 0x0000000100000000)
  region size 1024K, 24 young (24576K), 0 survivors (0K)
 Metaspace       used 13939K, capacity 14329K, committed 14464K, reserved 1062912K
  class space    used 1436K, capacity 1586K, committed 1664K, reserved 1048576K
}
Event: 0.645 GC heap after
{Heap after GC invocations=1 (full 0):
 garbage-first heap   total 129024K, used 7391K [0x0000000082800000, 0x0000000100000000)
  region size 1024K, 3 young (3072K), 3 survivors (3072K)
 Metaspace       used 13939K, capacity 14329K, committed 14464K, reserved 1062912K
  class space    used 1436K, capacity 1586K, committed 1664K, reserved 1048576K
}
Event: 0.987 GC heap before
{Heap before GC invocations=1 (full 0):
 garbage-first heap   total 129024K, used 45279K [0x0000000082800000, 0x0000000100000000)
  region size 1024K, 42 young (43008K), 3 survivors (3072K)
 Metaspace       used 20363K, capacity 21077K, committed 21376K, reserved 1069056K
  class space    used 2315K, capacity 2579K, committed 2688K, reserved 1048576K
}
Event: 0.994 GC heap after
{Heap after GC invocations=2 (full 0):
 garbage-first heap   total 129024K, used 9136K [0x0000000082800000, 0x0000000100000000)
  region size 1024K, 5 young (5120K), 5 survivors (5120K)
 Metaspace       used 20363K, capacity 21077K, committed 21376K, reserved 1069056K
  class space    used 2315K, capacity 2579K, committed 2688K, reserved 1048576K
}
Event: 1.230 GC heap before
{Heap before GC invocations=3 (full 0):
 garbage-first heap   total 129024K, used 58288K [0x0000000082800000, 0x0000000100000000)
  region size 1024K, 54 young (55296K), 5 survivors (5120K)
 Metaspace       used 23948K, capacity 24707K, committed 24960K, reserved 1071104K
  class space    used 2779K, capacity 3089K, committed 3200K, reserved 1048576K
}
Event: 1.236 GC heap after
{Heap after GC invocations=4 (full 0):
 garbage-first heap   total 129024K, used 10601K [0x0000000082800000, 0x0000000100000000)
  region size 1024K, 4 young (4096K), 4 survivors (4096K)
 Metaspace       used 23948K, capacity 24707K, committed 24960K, reserved 1071104K
  class space    used 2779K, capacity 3089K, committed 3200K, reserved 1048576K
}
Event: 1.509 GC heap before
{Heap before GC invocations=4 (full 0):
 garbage-first heap   total 129024K, used 69993K [0x0000000082800000, 0x0000000100000000)
  region size 1024K, 63 young (64512K), 4 survivors (4096K)
 Metaspace       used 26658K, capacity 27577K, committed 27648K, reserved 1073152K
  class space    used 3180K, capacity 3544K, committed 3584K, reserved 1048576K
}
Event: 1.514 GC heap after
{Heap after GC invocations=5 (full 0):
 garbage-first heap   total 129024K, used 12036K [0x0000000082800000, 0x0000000100000000)
  region size 1024K, 5 young (5120K), 5 survivors (5120K)
 Metaspace       used 26658K, capacity 27577K, committed 27648K, reserved 1073152K
  class space    used 3180K, capacity 3544K, committed 3584K, reserved 1048576K
}
Event: 2.044 GC heap before
{Heap before GC invocations=5 (full 0):
 garbage-first heap   total 129024K, used 82692K [0x0000000082800000, 0x0000000100000000)
  region size 1024K, 75 young (76800K), 5 survivors (5120K)
 Metaspace       used 33362K, capacity 34616K, committed 34816K, reserved 1079296K
  class space    used 4115K, capacity 4606K, committed 4608K, reserved 1048576K
}
Event: 2.054 GC heap after
{Heap after GC invocations=6 (full 0):
 garbage-first heap   total 155648K, used 15604K [0x0000000082800000, 0x0000000100000000)
  region size 1024K, 9 young (9216K), 9 survivors (9216K)
 Metaspace       used 33362K, capacity 34616K, committed 34816K, reserved 1079296K
  class space    used 4115K, capacity 4606K, committed 4608K, reserved 1048576K
}
Event: 2.152 GC heap before
{Heap before GC invocations=6 (full 0):
 garbage-first heap   total 155648K, used 55540K [0x0000000082800000, 0x0000000100000000)
  region size 1024K, 50 young (51200K), 9 survivors (9216K)
 Metaspace       used 34144K, capacity 35460K, committed 35584K, reserved 1079296K
  class space    used 4226K, capacity 4761K, committed 4864K, reserved 1048576K
}
Event: 2.162 GC heap after
{Heap after GC invocations=7 (full 0):
 garbage-first heap   total 155648K, used 15999K [0x0000000082800000, 0x0000000100000000)
  region size 1024K, 6 young (6144K), 6 survivors (6144K)
 Metaspace       used 34144K, capacity 35460K, committed 35584K, reserved 1079296K
  class space    used 4226K, capacity 4761K, committed 4864K, reserved 1048576K
}
Event: 2.930 GC heap before
{Heap before GC invocations=8 (full 0):
 garbage-first heap   total 155648K, used 103039K [0x0000000082800000, 0x0000000100000000)
  region size 1024K, 91 young (93184K), 6 survivors (6144K)
 Metaspace       used 49885K, capacity 51376K, committed 51456K, reserved 1093632K
  class space    used 6283K, capacity 6890K, committed 6912K, reserved 1048576K
}
Event: 2.936 GC heap after
{Heap after GC invocations=9 (full 0):
 garbage-first heap   total 155648K, used 20652K [0x0000000082800000, 0x0000000100000000)
  region size 1024K, 11 young (11264K), 11 survivors (11264K)
 Metaspace       used 49885K, capacity 51376K, committed 51456K, reserved 1093632K
  class space    used 6283K, capacity 6890K, committed 6912K, reserved 1048576K
}
Event: 3.491 GC heap before
{Heap before GC invocations=9 (full 0):
 garbage-first heap   total 155648K, used 82092K [0x0000000082800000, 0x0000000100000000)
  region size 1024K, 72 young (73728K), 11 survivors (11264K)
 Metaspace       used 57785K, capacity 59597K, committed 59736K, reserved 1101824K
  class space    used 7488K, capacity 8237K, committed 8320K, reserved 1048576K
}
Event: 3.499 GC heap after
{Heap after GC invocations=10 (full 0):
 garbage-first heap   total 155648K, used 23340K [0x0000000082800000, 0x0000000100000000)
  region size 1024K, 9 young (9216K), 9 survivors (9216K)
 Metaspace       used 57785K, capacity 59597K, committed 59736K, reserved 1101824K
  class space    used 7488K, capacity 8237K, committed 8320K, reserved 1048576K
}
Event: 8.447 GC heap before
{Heap before GC invocations=11 (full 0):
 garbage-first heap   total 155648K, used 106284K [0x0000000082800000, 0x0000000100000000)
  region size 1024K, 91 young (93184K), 9 survivors (9216K)
 Metaspace       used 64703K, capacity 66729K, committed 66904K, reserved 1107968K
  class space    used 8444K, capacity 9264K, committed 9344K, reserved 1048576K
}

